Using pre-set license
Built from '2020.3/staging' branch; Version is '2020.3.13f1 (71691879b7f5) revision 7432472'; Using compiler version '192528614'; Build Type 'Release'
OS: 'Windows 10 Pro; OS build 19043.1110; Version 2009; 64bit' Language: 'ko' Physical Memory: 32676 MB
BatchMode: 1, IsHumanControllingUs: 0, StartBugReporterOnCrash: 0, Is64bit: 1, IsPro: 0

 COMMAND LINE ARGUMENTS:
E:\Unity\2020.3.13f1\Editor\Unity.exe
-adb2
-batchMode
-noUpm
-name
AssetImportWorker0
-projectPath
C:/UnityProject/Study/SRPG_3D
-logFile
Logs/AssetImportWorker0.log
-srvPort
11924
Successfully changed project path to: C:/UnityProject/Study/SRPG_3D
C:/UnityProject/Study/SRPG_3D
Using Asset Import Pipeline V2.
Refreshing native plugins compatible for Editor in 23.19 ms, found 2 plugins.
Preloading 0 native plugins for Editor in 0.00 ms.
Initialize engine version: 2020.3.13f1 (71691879b7f5)
[Subsystems] Discovering subsystems at path E:/Unity/2020.3.13f1/Editor/Data/Resources/UnitySubsystems
[Subsystems] Discovering subsystems at path C:/UnityProject/Study/SRPG_3D/Assets
GfxDevice: creating device client; threaded=0
Direct3D:
    Version:  Direct3D 11.0 [level 11.1]
    Renderer: NVIDIA GeForce GTX 1060 3GB (ID=0x1b84)
    Vendor:   
    VRAM:     2988 MB
    Driver:   27.21.14.5671
Initialize mono
Mono path[0] = 'E:/Unity/2020.3.13f1/Editor/Data/Managed'
Mono path[1] = 'E:/Unity/2020.3.13f1/Editor/Data/MonoBleedingEdge/lib/mono/unityjit'
Mono config path = 'E:/Unity/2020.3.13f1/Editor/Data/MonoBleedingEdge/etc'
Using monoOptions --debugger-agent=transport=dt_socket,embedding=1,server=y,suspend=n,address=127.0.0.1:56540
Begin MonoManager ReloadAssembly
Registering precompiled unity dll's ...
Register platform support module: E:/Unity/2020.3.13f1/Editor/Data/PlaybackEngines/WindowsStandaloneSupport/UnityEditor.WindowsStandalone.Extensions.dll
Registered in 0.000759 seconds.
Native extension for WindowsStandalone target not found
Refreshing native plugins compatible for Editor in 25.52 ms, found 2 plugins.
Preloading 0 native plugins for Editor in 0.00 ms.
Mono: successfully reloaded assembly
- Completed reload, in  1.219 seconds
Platform modules already initialized, skipping
Registering precompiled user dll's ...
Registered in 0.003808 seconds.
Begin MonoManager ReloadAssembly
Native extension for WindowsStandalone target not found
Refreshing native plugins compatible for Editor in 0.38 ms, found 2 plugins.
Preloading 0 native plugins for Editor in 0.00 ms.
Mono: successfully reloaded assembly
- Completed reload, in  0.670 seconds
Platform modules already initialized, skipping
========================================================================
Worker process is ready to serve import requests
Launched and connected shader compiler UnityShaderCompiler.exe after 0.03 seconds
Refreshing native plugins compatible for Editor in 0.33 ms, found 2 plugins.
Preloading 0 native plugins for Editor in 0.00 ms.
Unloading 1518 Unused Serialized files (Serialized files now loaded: 0)
System memory in use before: 74.6 MB.
System memory in use after: 74.7 MB.

Unloading 21 unused Assets to reduce memory usage. Loaded Objects now: 1957.
Total: 1.585800 ms (FindLiveObjects: 0.105800 ms CreateObjectMapping: 0.033400 ms MarkObjects: 1.386600 ms  DeleteObjects: 0.059200 ms)

AssetImportParameters requested are different than current active one (requested -> active):
  custom:framework-win-MediaFoundation: 216162199b28c13a410421893ffa2e32 -> 
  custom:video-decoder-ogg-theora: a1e56fd34408186e4bbccfd4996cb3dc -> 
  custom:container-muxer-webm: aa71ff27fc2769a1b78a27578f13a17b -> 
  custom:container-demuxer-webm: 4f35f7cbe854078d1ac9338744f61a02 -> 
  custom:container-demuxer-ogg: 62fdf1f143b41e24485cea50d1cbac27 -> 
  custom:video-encoder-webm-vp8: eb34c28f22e8b96e1ab97ce403110664 -> 
  custom:video-decoder-webm-vp8: 9c59270c3fd7afecdb556c50c9e8de78 -> 
  custom:audio-decoder-ogg-vorbis: bf7c407c2cedff20999df2af8eb42d56 -> 
  custom:audio-encoder-webm-vorbis: bf7c407c2cedff20999df2af8eb42d56 -> 
========================================================================
Received Import Request.
  path: Assets/Images/bg.psd
  artifactKey: Guid(caf10987323085b46a4f3e974a4c579e) Importer(815301076,1909f56bfc062723c751e8b465ee728b)
Start importing Assets/Images/bg.psd using Guid(caf10987323085b46a4f3e974a4c579e) Importer(815301076,1909f56bfc062723c751e8b465ee728b)  -> (artifact id: '1616f70b42b8c00bb83388c37219c979') in 0.075299 seconds 
  Import took 0.077216 seconds .

========================================================================
Received Import Request.
  Time since last request: 39.922290 seconds.
  path: Assets/Images/bg.psd
  artifactKey: Guid(caf10987323085b46a4f3e974a4c579e) Importer(815301076,1909f56bfc062723c751e8b465ee728b)
Start importing Assets/Images/bg.psd using Guid(caf10987323085b46a4f3e974a4c579e) Importer(815301076,1909f56bfc062723c751e8b465ee728b)  -> (artifact id: '89dd8ca550c1f089b05206b5149ea67e') in 0.007281 seconds 
  Import took 0.009177 seconds .

========================================================================
Received Import Request.
  Time since last request: 1410.266065 seconds.
  path: Assets/Images/UI 1.png
  artifactKey: Guid(2783d87c30a4510499644b0c908de3b0) Importer(815301076,1909f56bfc062723c751e8b465ee728b)
Start importing Assets/Images/UI 1.png using Guid(2783d87c30a4510499644b0c908de3b0) Importer(815301076,1909f56bfc062723c751e8b465ee728b)  -> (artifact id: '2a6874f1ad9711b7de18d9f72f4f109a') in 0.032213 seconds 
  Import took 0.034451 seconds .

========================================================================
Received Import Request.
  Time since last request: 1.730713 seconds.
  path: Assets/Images/test.png
  artifactKey: Guid(2783d87c30a4510499644b0c908de3b0) Importer(815301076,1909f56bfc062723c751e8b465ee728b)
Start importing Assets/Images/test.png using Guid(2783d87c30a4510499644b0c908de3b0) Importer(815301076,1909f56bfc062723c751e8b465ee728b)  -> (artifact id: 'ae303c0539434479234e65baebd6b5e5') in 0.011806 seconds 
  Import took 0.014001 seconds .

========================================================================
Received Import Request.
  Time since last request: 6.695046 seconds.
  path: Assets/Images/test.png
  artifactKey: Guid(2783d87c30a4510499644b0c908de3b0) Importer(815301076,1909f56bfc062723c751e8b465ee728b)
Start importing Assets/Images/test.png using Guid(2783d87c30a4510499644b0c908de3b0) Importer(815301076,1909f56bfc062723c751e8b465ee728b)  -> (artifact id: '309d171c650b86223eab218927cba306') in 0.011303 seconds 
  Import took 0.013326 seconds .

========================================================================
Received Import Request.
  Time since last request: 122.911526 seconds.
  path: Assets/TextMesh Pro/Examples & Extras/Resources/Fonts & Materials/Anton SDF.asset
  artifactKey: Guid(8a89fa14b10d46a99122fd4f73fca9a2) Importer(815301076,1909f56bfc062723c751e8b465ee728b)
Start importing Assets/TextMesh Pro/Examples & Extras/Resources/Fonts & Materials/Anton SDF.asset using Guid(8a89fa14b10d46a99122fd4f73fca9a2) Importer(815301076,1909f56bfc062723c751e8b465ee728b)  -> (artifact id: '89f74535dbbe80d820aad8820167369b') in 0.040554 seconds 
  Import took 0.042632 seconds .

========================================================================
Received Import Request.
  Time since last request: 0.000113 seconds.
  path: Assets/TextMesh Pro/Examples & Extras/Resources/Fonts & Materials/Electronic Highway Sign SDF.asset
  artifactKey: Guid(dc36b3fdc14f47ebb36fd484a67e268a) Importer(815301076,1909f56bfc062723c751e8b465ee728b)
Start importing Assets/TextMesh Pro/Examples & Extras/Resources/Fonts & Materials/Electronic Highway Sign SDF.asset using Guid(dc36b3fdc14f47ebb36fd484a67e268a) Importer(815301076,1909f56bfc062723c751e8b465ee728b)  -> (artifact id: 'aecbacf0b5b681b775f225c866b98f6e') in 0.006571 seconds 
  Import took 0.008146 seconds .

========================================================================
Received Import Request.
  Time since last request: 0.000101 seconds.
  path: Assets/Plugins/Demigiant/DOTween/Editor/Imgs/Footer.png
  artifactKey: Guid(7051dba417b3d53409f2918f1ea4938d) Importer(815301076,1909f56bfc062723c751e8b465ee728b)
Start importing Assets/Plugins/Demigiant/DOTween/Editor/Imgs/Footer.png using Guid(7051dba417b3d53409f2918f1ea4938d) Importer(815301076,1909f56bfc062723c751e8b465ee728b)  -> (artifact id: '90c611381be1aa2c9bb8f9f917fed784') in 0.004844 seconds 
  Import took 0.006161 seconds .

========================================================================
Received Import Request.
  Time since last request: 0.000082 seconds.
  path: Assets/TextMesh Pro/Examples & Extras/Sprites/Default Sprites.png
  artifactKey: Guid(a0fc465d6cf04254a2938578735e2383) Importer(815301076,1909f56bfc062723c751e8b465ee728b)
Start importing Assets/TextMesh Pro/Examples & Extras/Sprites/Default Sprites.png using Guid(a0fc465d6cf04254a2938578735e2383) Importer(815301076,1909f56bfc062723c751e8b465ee728b)  -> (artifact id: '8a33629ad0103a376de0b297307e9ba4') in 0.005840 seconds 
  Import took 0.007216 seconds .

========================================================================
Received Import Request.
  Time since last request: 0.000095 seconds.
  path: Assets/TextMesh Pro/Examples & Extras/Textures/Brushed Metal 3.jpg
  artifactKey: Guid(f88677df267a41d6be1e7a6133e7d227) Importer(815301076,1909f56bfc062723c751e8b465ee728b)
Start importing Assets/TextMesh Pro/Examples & Extras/Textures/Brushed Metal 3.jpg using Guid(f88677df267a41d6be1e7a6133e7d227) Importer(815301076,1909f56bfc062723c751e8b465ee728b)  -> (artifact id: '4840aca3da85459ad29731c942d57661') in 0.006369 seconds 
  Import took 0.007699 seconds .

========================================================================
Received Import Request.
  Time since last request: 0.000090 seconds.
  path: Assets/TextMesh Pro/Examples & Extras/Fonts/Oswald-Bold.ttf
  artifactKey: Guid(c9f6d0e7bc8541498c9a4799ba184ede) Importer(815301076,1909f56bfc062723c751e8b465ee728b)
Start importing Assets/TextMesh Pro/Examples & Extras/Fonts/Oswald-Bold.ttf using Guid(c9f6d0e7bc8541498c9a4799ba184ede) Importer(815301076,1909f56bfc062723c751e8b465ee728b)  -> (artifact id: '9d313bcea6b6ddf2c8c0bdfd1fb81dfc') in 0.010794 seconds 
  Import took 0.012476 seconds .

========================================================================
Received Import Request.
  Time since last request: 0.000127 seconds.
  path: Assets/TextMesh Pro/Examples & Extras/Fonts/Roboto-Bold.ttf
  artifactKey: Guid(4beb055f07aaff244873dec698d0363e) Importer(815301076,1909f56bfc062723c751e8b465ee728b)
Start importing Assets/TextMesh Pro/Examples & Extras/Fonts/Roboto-Bold.ttf using Guid(4beb055f07aaff244873dec698d0363e) Importer(815301076,1909f56bfc062723c751e8b465ee728b)  -> (artifact id: '6c0d3d5e9fbf8ba6903c17dcbf477454') in 0.006048 seconds 
  Import took 0.007437 seconds .

========================================================================
Received Import Request.
  Time since last request: 0.000089 seconds.
  path: Assets/Meshtint Free Boximon Fiery Mega Toon Series/Textures/Boximon Fiery.psd
  artifactKey: Guid(81ac0505fa49dbd4bb38a09544f511ca) Importer(815301076,1909f56bfc062723c751e8b465ee728b)
Start importing Assets/Meshtint Free Boximon Fiery Mega Toon Series/Textures/Boximon Fiery.psd using Guid(81ac0505fa49dbd4bb38a09544f511ca) Importer(815301076,1909f56bfc062723c751e8b465ee728b)  -> (artifact id: '03f4183ea6aad385b49e4d8fb47d09da') in 0.009232 seconds 
  Import took 0.010913 seconds .

========================================================================
Received Import Request.
  Time since last request: 0.000099 seconds.
  path: Assets/Plugins/Demigiant/DOTween/Editor/Imgs/Footer_dark.png
  artifactKey: Guid(519694efe2bb2914788b151fbd8c01f4) Importer(815301076,1909f56bfc062723c751e8b465ee728b)
Start importing Assets/Plugins/Demigiant/DOTween/Editor/Imgs/Footer_dark.png using Guid(519694efe2bb2914788b151fbd8c01f4) Importer(815301076,1909f56bfc062723c751e8b465ee728b)  -> (artifact id: 'dd44845e604df907e7d39288d13cb467') in 0.004934 seconds 
  Import took 0.006691 seconds .

========================================================================
Received Import Request.
  Time since last request: 0.000099 seconds.
  path: Assets/TextMesh Pro/Examples & Extras/Sprites/DropCap Numbers.psd
  artifactKey: Guid(fd09957580ac4326916010f1f260975b) Importer(815301076,1909f56bfc062723c751e8b465ee728b)
Start importing Assets/TextMesh Pro/Examples & Extras/Sprites/DropCap Numbers.psd using Guid(fd09957580ac4326916010f1f260975b) Importer(815301076,1909f56bfc062723c751e8b465ee728b)  -> (artifact id: 'c2c765973889385d49ff9595a230a8f3') in 0.005565 seconds 
  Import took 0.007010 seconds .

========================================================================
Received Import Request.
  Time since last request: 0.000094 seconds.
  path: Assets/TextMesh Pro/Examples & Extras/Resources/Fonts & Materials/Bangers SDF.asset
  artifactKey: Guid(125cb55b44b24c4393181402bc6200e6) Importer(815301076,1909f56bfc062723c751e8b465ee728b)
Start importing Assets/TextMesh Pro/Examples & Extras/Resources/Fonts & Materials/Bangers SDF.asset using Guid(125cb55b44b24c4393181402bc6200e6) Importer(815301076,1909f56bfc062723c751e8b465ee728b)  -> (artifact id: '6ba1bb398137a00be6e06e68b72b365d') in 0.007016 seconds 
  Import took 0.008539 seconds .

========================================================================
Received Import Request.
  Time since last request: 0.000108 seconds.
  path: Assets/Plugins/Demigiant/DOTween/Editor/Imgs/DOTweenIcon.png
  artifactKey: Guid(8da095e39e9b4df488dfd436f81116d6) Importer(815301076,1909f56bfc062723c751e8b465ee728b)
Start importing Assets/Plugins/Demigiant/DOTween/Editor/Imgs/DOTweenIcon.png using Guid(8da095e39e9b4df488dfd436f81116d6) Importer(815301076,1909f56bfc062723c751e8b465ee728b)  -> (artifact id: '2388a4dbfaeb84b0169f4f3cffc27af4') in 0.004949 seconds 
  Import took 0.006335 seconds .

========================================================================
Received Import Request.
  Time since last request: 0.000093 seconds.
  path: Assets/TextMesh Pro/Sprites/EmojiOne.png
  artifactKey: Guid(dffef66376be4fa480fb02b19edbe903) Importer(815301076,1909f56bfc062723c751e8b465ee728b)
Start importing Assets/TextMesh Pro/Sprites/EmojiOne.png using Guid(dffef66376be4fa480fb02b19edbe903) Importer(815301076,1909f56bfc062723c751e8b465ee728b)  -> (artifact id: 'd78a27303d38c5bc73b55289faa0930d') in 0.005631 seconds 
  Import took 0.007009 seconds .

========================================================================
Received Import Request.
  Time since last request: 0.000082 seconds.
  path: Assets/TextMesh Pro/Fonts/LiberationSans.ttf
  artifactKey: Guid(e3265ab4bf004d28a9537516768c1c75) Importer(815301076,1909f56bfc062723c751e8b465ee728b)
Start importing Assets/TextMesh Pro/Fonts/LiberationSans.ttf using Guid(e3265ab4bf004d28a9537516768c1c75) Importer(815301076,1909f56bfc062723c751e8b465ee728b)  -> (artifact id: 'bdddd331c3f1b7826858a8d92db67e39') in 0.009245 seconds 
  Import took 0.010830 seconds .

========================================================================
Received Import Request.
  Time since last request: 0.000120 seconds.
  path: Assets/Meshtint Free Tile Map Mega Toon Series/Textures/FX Star.psd
  artifactKey: Guid(1db14921322d9064bbaf4864b7112c10) Importer(815301076,1909f56bfc062723c751e8b465ee728b)
Start importing Assets/Meshtint Free Tile Map Mega Toon Series/Textures/FX Star.psd using Guid(1db14921322d9064bbaf4864b7112c10) Importer(815301076,1909f56bfc062723c751e8b465ee728b)  -> (artifact id: 'ca2c4f7f4d858cf80a52189751218d34') in 0.005274 seconds 
  Import took 0.006657 seconds .

========================================================================
Received Import Request.
  Time since last request: 0.000090 seconds.
  path: Assets/TextMesh Pro/Examples & Extras/Textures/Fruit Jelly (B&W).jpg
  artifactKey: Guid(1cdc5b506b1a4a33a53c30669ced1f51) Importer(815301076,1909f56bfc062723c751e8b465ee728b)
Start importing Assets/TextMesh Pro/Examples & Extras/Textures/Fruit Jelly (B&W).jpg using Guid(1cdc5b506b1a4a33a53c30669ced1f51) Importer(815301076,1909f56bfc062723c751e8b465ee728b)  -> (artifact id: '8f35fe619262576d87a7be15bf20aa41') in 0.005513 seconds 
  Import took 0.006908 seconds .

========================================================================
Received Import Request.
  Time since last request: 0.000094 seconds.
  path: Assets/TextMesh Pro/Examples & Extras/Textures/Floor Tiles 1 - diffuse.jpg
  artifactKey: Guid(85ac55597b97403c82fc6601a93cf241) Importer(815301076,1909f56bfc062723c751e8b465ee728b)
Start importing Assets/TextMesh Pro/Examples & Extras/Textures/Floor Tiles 1 - diffuse.jpg using Guid(85ac55597b97403c82fc6601a93cf241) Importer(815301076,1909f56bfc062723c751e8b465ee728b)  -> (artifact id: '80f54130f1c86677e41a553c280503d6') in 0.005518 seconds 
  Import took 0.006907 seconds .

========================================================================
Received Import Request.
  Time since last request: 0.000088 seconds.
  path: Assets/JJ_Three kingdoms - Macho v1.3/models/textures/bottom.png
  artifactKey: Guid(31377b29ab7ff2340aa9024977ccd842) Importer(815301076,1909f56bfc062723c751e8b465ee728b)
Start importing Assets/JJ_Three kingdoms - Macho v1.3/models/textures/bottom.png using Guid(31377b29ab7ff2340aa9024977ccd842) Importer(815301076,1909f56bfc062723c751e8b465ee728b)  -> (artifact id: 'b3c16a7fdefa6eb09120cb2d8bffee62') in 0.008168 seconds 
  Import took 0.009721 seconds .

========================================================================
Received Import Request.
  Time since last request: 0.000108 seconds.
  path: Assets/TextMesh Pro/Examples & Extras/Textures/Floor Cement.jpg
  artifactKey: Guid(283f897e4925411ebbaa758b4cb13fc2) Importer(815301076,1909f56bfc062723c751e8b465ee728b)
Start importing Assets/TextMesh Pro/Examples & Extras/Textures/Floor Cement.jpg using Guid(283f897e4925411ebbaa758b4cb13fc2) Importer(815301076,1909f56bfc062723c751e8b465ee728b)  -> (artifact id: '70f05136bc122160115891ab6f9ed828') in 0.005530 seconds 
  Import took 0.007129 seconds .

========================================================================
Received Import Request.
  Time since last request: 0.300056 seconds.
  path: Assets/JJ_Three kingdoms - Macho v1.3/FX/Texture/fx_aura_10.png
  artifactKey: Guid(4ce6b7069bfa89c4bb0c1fcd6f5298bb) Importer(815301076,1909f56bfc062723c751e8b465ee728b)
Start importing Assets/JJ_Three kingdoms - Macho v1.3/FX/Texture/fx_aura_10.png using Guid(4ce6b7069bfa89c4bb0c1fcd6f5298bb) Importer(815301076,1909f56bfc062723c751e8b465ee728b)  -> (artifact id: '2912c5d2e32cd2bd56c4b1adf41e9252') in 0.005706 seconds 
  Import took 0.007647 seconds .

========================================================================
Received Import Request.
  Time since last request: 0.000104 seconds.
  path: Assets/JJ_Three kingdoms - Macho v1.3/FX/Texture/fx_flame_sheet_02.png
  artifactKey: Guid(1031905ad2bc49a4dab2deb01626c50d) Importer(815301076,1909f56bfc062723c751e8b465ee728b)
Start importing Assets/JJ_Three kingdoms - Macho v1.3/FX/Texture/fx_flame_sheet_02.png using Guid(1031905ad2bc49a4dab2deb01626c50d) Importer(815301076,1909f56bfc062723c751e8b465ee728b)  -> (artifact id: '12a521073f4462763caeba44eb74cd0e') in 0.005757 seconds 
  Import took 0.007174 seconds .

========================================================================
Received Import Request.
  Time since last request: 0.000093 seconds.
  path: Assets/JJ_Three kingdoms - Macho v1.3/FX/Texture/fx_lightning_sheet_04.png
  artifactKey: Guid(81c0162dba2c0874e898c8aa9736e881) Importer(815301076,1909f56bfc062723c751e8b465ee728b)
Start importing Assets/JJ_Three kingdoms - Macho v1.3/FX/Texture/fx_lightning_sheet_04.png using Guid(81c0162dba2c0874e898c8aa9736e881) Importer(815301076,1909f56bfc062723c751e8b465ee728b)  -> (artifact id: 'f77e640cc8ee6fd578f8a027be92a083') in 0.006443 seconds 
  Import took 0.007993 seconds .

========================================================================
Received Import Request.
  Time since last request: 0.000104 seconds.
  path: Assets/JJ_Three kingdoms - Macho v1.3/FX/Texture/fx_ground_dust_01.tga
  artifactKey: Guid(1cf1fb0465cf72f4ab0c52a96364faaf) Importer(815301076,1909f56bfc062723c751e8b465ee728b)
Start importing Assets/JJ_Three kingdoms - Macho v1.3/FX/Texture/fx_ground_dust_01.tga using Guid(1cf1fb0465cf72f4ab0c52a96364faaf) Importer(815301076,1909f56bfc062723c751e8b465ee728b)  -> (artifact id: 'c410b2a418f367c5f083641c8be6de96') in 0.006618 seconds 
  Import took 0.008111 seconds .

========================================================================
Received Import Request.
  Time since last request: 0.000093 seconds.
  path: Assets/JJ_Three kingdoms - Macho v1.3/FX/Texture/fx_explo_sheet_04.png
  artifactKey: Guid(d5def4e47e4bbc749bf863ab75333d23) Importer(815301076,1909f56bfc062723c751e8b465ee728b)
Start importing Assets/JJ_Three kingdoms - Macho v1.3/FX/Texture/fx_explo_sheet_04.png using Guid(d5def4e47e4bbc749bf863ab75333d23) Importer(815301076,1909f56bfc062723c751e8b465ee728b)  -> (artifact id: '8157b89b47ba37578252efc8a4d6358a') in 0.005321 seconds 
  Import took 0.006723 seconds .

========================================================================
Received Import Request.
  Time since last request: 0.000089 seconds.
  path: Assets/JJ_Three kingdoms - Macho v1.3/FX/Texture/fx_grad_03.png
  artifactKey: Guid(5c93951628700c8499518a55bf6037c9) Importer(815301076,1909f56bfc062723c751e8b465ee728b)
Start importing Assets/JJ_Three kingdoms - Macho v1.3/FX/Texture/fx_grad_03.png using Guid(5c93951628700c8499518a55bf6037c9) Importer(815301076,1909f56bfc062723c751e8b465ee728b)  -> (artifact id: '1099c50c3ac6ea38083936dd78f8c508') in 0.005023 seconds 
  Import took 0.006383 seconds .

========================================================================
Received Import Request.
  Time since last request: 0.000097 seconds.
  path: Assets/JJ_Three kingdoms - Macho v1.3/FX/Texture/fx_circle_03.tga
  artifactKey: Guid(2886023fe79ab4a46a083700f0346499) Importer(815301076,1909f56bfc062723c751e8b465ee728b)
Start importing Assets/JJ_Three kingdoms - Macho v1.3/FX/Texture/fx_circle_03.tga using Guid(2886023fe79ab4a46a083700f0346499) Importer(815301076,1909f56bfc062723c751e8b465ee728b)  -> (artifact id: 'af6f5fa1a2033e87f71d4b69d461b5eb') in 0.005606 seconds 
  Import took 0.006918 seconds .

========================================================================
Received Import Request.
  Time since last request: 0.000081 seconds.
  path: Assets/JJ_Three kingdoms - Macho v1.3/FX/Texture/fx_aura_10.png
  artifactKey: Guid(4ce6b7069bfa89c4bb0c1fcd6f5298bb) Importer(815301076,1909f56bfc062723c751e8b465ee728b)
Start importing Assets/JJ_Three kingdoms - Macho v1.3/FX/Texture/fx_aura_10.png using Guid(4ce6b7069bfa89c4bb0c1fcd6f5298bb) Importer(815301076,1909f56bfc062723c751e8b465ee728b)  -> (artifact id: '2912c5d2e32cd2bd56c4b1adf41e9252') in 0.003230 seconds 
  Import took 0.004477 seconds .

========================================================================
Received Import Request.
  Time since last request: 0.000085 seconds.
  path: Assets/JJ_Three kingdoms - Macho v1.3/FX/Texture/fx_sanddust_02.png
  artifactKey: Guid(c98711c0856fbce4dba537960eefc0c8) Importer(815301076,1909f56bfc062723c751e8b465ee728b)
Start importing Assets/JJ_Three kingdoms - Macho v1.3/FX/Texture/fx_sanddust_02.png using Guid(c98711c0856fbce4dba537960eefc0c8) Importer(815301076,1909f56bfc062723c751e8b465ee728b)  -> (artifact id: 'ebcaff3ec628fdbdb9ee936587a1ce9c') in 0.005281 seconds 
  Import took 0.006587 seconds .

========================================================================
Received Import Request.
  Time since last request: 0.000089 seconds.
  path: Assets/JJ_Three kingdoms - Macho v1.3/FX/Texture/fx_circle_08.tga
  artifactKey: Guid(530a40a5e503cf54fa63089df290f7d3) Importer(815301076,1909f56bfc062723c751e8b465ee728b)
Start importing Assets/JJ_Three kingdoms - Macho v1.3/FX/Texture/fx_circle_08.tga using Guid(530a40a5e503cf54fa63089df290f7d3) Importer(815301076,1909f56bfc062723c751e8b465ee728b)  -> (artifact id: '1bceda0bc95a4320821480017c0742c3') in 0.005219 seconds 
  Import took 0.006468 seconds .

========================================================================
Received Import Request.
  Time since last request: 0.000092 seconds.
  path: Assets/JJ_Three kingdoms - Macho v1.3/models/textures/fx_glow_04.png
  artifactKey: Guid(0917839b28f79d34a8a07ae51614a916) Importer(815301076,1909f56bfc062723c751e8b465ee728b)
Start importing Assets/JJ_Three kingdoms - Macho v1.3/models/textures/fx_glow_04.png using Guid(0917839b28f79d34a8a07ae51614a916) Importer(815301076,1909f56bfc062723c751e8b465ee728b)  -> (artifact id: '198deff625bde4b462913c53dfb1e574') in 0.006759 seconds 
  Import took 0.008628 seconds .

========================================================================
Received Import Request.
  Time since last request: 0.000165 seconds.
  path: Assets/JJ_Three kingdoms - Macho v1.3/FX/Texture/fx_lightning_09.png
  artifactKey: Guid(a1f33e58f2a99224f8ee1212b41e58f3) Importer(815301076,1909f56bfc062723c751e8b465ee728b)
Start importing Assets/JJ_Three kingdoms - Macho v1.3/FX/Texture/fx_lightning_09.png using Guid(a1f33e58f2a99224f8ee1212b41e58f3) Importer(815301076,1909f56bfc062723c751e8b465ee728b)  -> (artifact id: '7ab76383b7bd2a6289ffee50d6f252bd') in 0.008160 seconds 
  Import took 0.010081 seconds .

========================================================================
Received Import Request.
  Time since last request: 0.008911 seconds.
  path: Assets/JJ_Three kingdoms - Macho v1.3/models/textures/fx_glow_04.png
  artifactKey: Guid(0917839b28f79d34a8a07ae51614a916) Importer(815301076,1909f56bfc062723c751e8b465ee728b)
Start importing Assets/JJ_Three kingdoms - Macho v1.3/models/textures/fx_glow_04.png using Guid(0917839b28f79d34a8a07ae51614a916) Importer(815301076,1909f56bfc062723c751e8b465ee728b)  -> (artifact id: '198deff625bde4b462913c53dfb1e574') in 0.003650 seconds 
  Import took 0.005236 seconds .

========================================================================
Received Import Request.
  Time since last request: 0.271867 seconds.
  path: Assets/JJ_Three kingdoms - Macho v1.3/FX/Texture/fx_shockwave_02.png
  artifactKey: Guid(61ebc81bb14f5dd4b981929736d1c926) Importer(815301076,1909f56bfc062723c751e8b465ee728b)
Start importing Assets/JJ_Three kingdoms - Macho v1.3/FX/Texture/fx_shockwave_02.png using Guid(61ebc81bb14f5dd4b981929736d1c926) Importer(815301076,1909f56bfc062723c751e8b465ee728b)  -> (artifact id: 'b997a773fd5f93d035a87d33a5df326e') in 0.006102 seconds 
  Import took 0.008128 seconds .

========================================================================
Received Import Request.
  Time since last request: 0.000107 seconds.
  path: Assets/JJ_Three kingdoms - Macho v1.3/FX/Texture/fx_weapon_trail_09.png
  artifactKey: Guid(392f5d652dd52a242a34a83e0077e90a) Importer(815301076,1909f56bfc062723c751e8b465ee728b)
Start importing Assets/JJ_Three kingdoms - Macho v1.3/FX/Texture/fx_weapon_trail_09.png using Guid(392f5d652dd52a242a34a83e0077e90a) Importer(815301076,1909f56bfc062723c751e8b465ee728b)  -> (artifact id: '570569ebc25e93af807623185b7eda7a') in 0.006092 seconds 
  Import took 0.007766 seconds .

========================================================================
Received Import Request.
  Time since last request: 0.000102 seconds.
  path: Assets/JJ_Three kingdoms - Macho v1.3/FX/Texture/fx_trail_circle_07.png
  artifactKey: Guid(9fd9db4f4aef77f43aaed50c2b133d0c) Importer(815301076,1909f56bfc062723c751e8b465ee728b)
Start importing Assets/JJ_Three kingdoms - Macho v1.3/FX/Texture/fx_trail_circle_07.png using Guid(9fd9db4f4aef77f43aaed50c2b133d0c) Importer(815301076,1909f56bfc062723c751e8b465ee728b)  -> (artifact id: '94dca77f4246070e5eb747bb23765770') in 0.009055 seconds 
  Import took 0.010449 seconds .

========================================================================
Received Import Request.
  Time since last request: 0.000087 seconds.
  path: Assets/JJ_Three kingdoms - Macho v1.3/FX/Texture/fx_tilemap_01.png
  artifactKey: Guid(9896c1bcc2934b640aac0dfd680fa39c) Importer(815301076,1909f56bfc062723c751e8b465ee728b)
Start importing Assets/JJ_Three kingdoms - Macho v1.3/FX/Texture/fx_tilemap_01.png using Guid(9896c1bcc2934b640aac0dfd680fa39c) Importer(815301076,1909f56bfc062723c751e8b465ee728b)  -> (artifact id: '440b96ff966865df67bcd8f88e48825d') in 0.004868 seconds 
  Import took 0.006202 seconds .

========================================================================
Received Import Request.
  Time since last request: 0.000097 seconds.
  path: Assets/JJ_Three kingdoms - Macho v1.3/FX/Texture/fx_shockwave_02.png
  artifactKey: Guid(61ebc81bb14f5dd4b981929736d1c926) Importer(815301076,1909f56bfc062723c751e8b465ee728b)
Start importing Assets/JJ_Three kingdoms - Macho v1.3/FX/Texture/fx_shockwave_02.png using Guid(61ebc81bb14f5dd4b981929736d1c926) Importer(815301076,1909f56bfc062723c751e8b465ee728b)  -> (artifact id: 'b997a773fd5f93d035a87d33a5df326e') in 0.004903 seconds 
  Import took 0.006637 seconds .

========================================================================
Received Import Request.
  Time since last request: 0.000093 seconds.
  path: Assets/JJ_Three kingdoms - Macho v1.3/FX/Texture/fx_text_pattern_sok.png
  artifactKey: Guid(321d8e13f1d1f14488dfee138fb6b149) Importer(815301076,1909f56bfc062723c751e8b465ee728b)
Start importing Assets/JJ_Three kingdoms - Macho v1.3/FX/Texture/fx_text_pattern_sok.png using Guid(321d8e13f1d1f14488dfee138fb6b149) Importer(815301076,1909f56bfc062723c751e8b465ee728b)  -> (artifact id: 'f6a64d11c95073a7d3186a41c82d1b22') in 0.009167 seconds 
  Import took 0.010696 seconds .

========================================================================
Received Import Request.
  Time since last request: 0.000106 seconds.
  path: Assets/JJ_Three kingdoms - Macho v1.3/FX/Texture/fx_weapon_trail_01.tga
  artifactKey: Guid(eecb8d381bb4e754d894871517c69834) Importer(815301076,1909f56bfc062723c751e8b465ee728b)
Start importing Assets/JJ_Three kingdoms - Macho v1.3/FX/Texture/fx_weapon_trail_01.tga using Guid(eecb8d381bb4e754d894871517c69834) Importer(815301076,1909f56bfc062723c751e8b465ee728b)  -> (artifact id: '3f30ec9683e53c61d8c3692b138571fb') in 0.005346 seconds 
  Import took 0.007238 seconds .

========================================================================
Received Import Request.
  Time since last request: 0.000126 seconds.
  path: Assets/JJ_Three kingdoms - Macho v1.3/FX/Texture/fx_weapon_tail_09.png
  artifactKey: Guid(4113e1c3706ec934d8609a476c0265e6) Importer(815301076,1909f56bfc062723c751e8b465ee728b)
Start importing Assets/JJ_Three kingdoms - Macho v1.3/FX/Texture/fx_weapon_tail_09.png using Guid(4113e1c3706ec934d8609a476c0265e6) Importer(815301076,1909f56bfc062723c751e8b465ee728b)  -> (artifact id: '3f124ba62af213442a89bd7cf536faf6') in 0.005398 seconds 
  Import took 0.007091 seconds .

========================================================================
Received Import Request.
  Time since last request: 0.000098 seconds.
  path: Assets/JJ_Three kingdoms - Macho v1.3/FX/Texture/fx_weapon_tail_06.png
  artifactKey: Guid(bd78524fe9b5b0d4f96ca6d7895ea404) Importer(815301076,1909f56bfc062723c751e8b465ee728b)
Start importing Assets/JJ_Three kingdoms - Macho v1.3/FX/Texture/fx_weapon_tail_06.png using Guid(bd78524fe9b5b0d4f96ca6d7895ea404) Importer(815301076,1909f56bfc062723c751e8b465ee728b)  -> (artifact id: 'a94ea28a5fa0ba0a90b49ad6c6517f74') in 0.004994 seconds 
  Import took 0.006283 seconds .

========================================================================
Received Import Request.
  Time since last request: 0.000083 seconds.
  path: Assets/JJ_Three kingdoms - Macho v1.3/FX/Texture/fx_weapon_trail_11.png
  artifactKey: Guid(9a3b00f2f451b7342bdda53b9cb5e41f) Importer(815301076,1909f56bfc062723c751e8b465ee728b)
Start importing Assets/JJ_Three kingdoms - Macho v1.3/FX/Texture/fx_weapon_trail_11.png using Guid(9a3b00f2f451b7342bdda53b9cb5e41f) Importer(815301076,1909f56bfc062723c751e8b465ee728b)  -> (artifact id: 'f960f8fdc7c4bbebac2a3582f091627f') in 0.005325 seconds 
  Import took 0.006818 seconds .

========================================================================
Received Import Request.
  Time since last request: 0.000092 seconds.
  path: Assets/JJ_Three kingdoms - Macho v1.3/FX/Texture/fx_spark_ring_01.png
  artifactKey: Guid(7bb76f9f345ab674db4b70d092eff45d) Importer(815301076,1909f56bfc062723c751e8b465ee728b)
Start importing Assets/JJ_Three kingdoms - Macho v1.3/FX/Texture/fx_spark_ring_01.png using Guid(7bb76f9f345ab674db4b70d092eff45d) Importer(815301076,1909f56bfc062723c751e8b465ee728b)  -> (artifact id: 'd69e6403d9b5ccdb97308afd435be11b') in 0.005714 seconds 
  Import took 0.007179 seconds .

========================================================================
Received Import Request.
  Time since last request: 0.396750 seconds.
  path: Assets/TextMesh Pro/Examples & Extras/Textures/Gradient Diagonal (Color).jpg
  artifactKey: Guid(2ce5c55e85304b819a1826ecbc839aa5) Importer(815301076,1909f56bfc062723c751e8b465ee728b)
Start importing Assets/TextMesh Pro/Examples & Extras/Textures/Gradient Diagonal (Color).jpg using Guid(2ce5c55e85304b819a1826ecbc839aa5) Importer(815301076,1909f56bfc062723c751e8b465ee728b)  -> (artifact id: '96c6ce930e9af133b9bafe8787262f4d') in 0.014867 seconds 
  Import took 0.017122 seconds .

========================================================================
Received Import Request.
  Time since last request: 0.052556 seconds.
  path: Assets/TextMesh Pro/Examples & Extras/Textures/Gradient Horizontal (Color).jpg
  artifactKey: Guid(6eb184de103d4b3f812b38561065192f) Importer(815301076,1909f56bfc062723c751e8b465ee728b)
Start importing Assets/TextMesh Pro/Examples & Extras/Textures/Gradient Horizontal (Color).jpg using Guid(6eb184de103d4b3f812b38561065192f) Importer(815301076,1909f56bfc062723c751e8b465ee728b)  -> (artifact id: 'bf3e0c964b6d18246db8b74c61a0e2ed') in 0.005496 seconds 
  Import took 0.007579 seconds .

========================================================================
Received Import Request.
  Time since last request: 0.000104 seconds.
  path: Assets/Plugins/Demigiant/DOTween/Editor/Imgs/Header.jpg
  artifactKey: Guid(78a59ca99f8987941adb61f9e14a06a7) Importer(815301076,1909f56bfc062723c751e8b465ee728b)
Start importing Assets/Plugins/Demigiant/DOTween/Editor/Imgs/Header.jpg using Guid(78a59ca99f8987941adb61f9e14a06a7) Importer(815301076,1909f56bfc062723c751e8b465ee728b)  -> (artifact id: 'd489c87f8f444462b8c773d9ac576812') in 0.007091 seconds 
  Import took 0.008675 seconds .

========================================================================
Received Import Request.
  Time since last request: 0.000121 seconds.
  path: Assets/TextMesh Pro/Examples & Extras/Textures/Gradient Vertical (Color).jpg
  artifactKey: Guid(03d0538de6e24c0f819bfc9ce084dfa9) Importer(815301076,1909f56bfc062723c751e8b465ee728b)
Start importing Assets/TextMesh Pro/Examples & Extras/Textures/Gradient Vertical (Color).jpg using Guid(03d0538de6e24c0f819bfc9ce084dfa9) Importer(815301076,1909f56bfc062723c751e8b465ee728b)  -> (artifact id: '6c390d672696c941c403ccbeca197220') in 0.004999 seconds 
  Import took 0.006390 seconds .

========================================================================
Received Import Request.
  Time since last request: 0.000095 seconds.
  path: Assets/TextMesh Pro/Resources/Fonts & Materials/LiberationSans SDF - Fallback.asset
  artifactKey: Guid(2e498d1c8094910479dc3e1b768306a4) Importer(815301076,1909f56bfc062723c751e8b465ee728b)
Start importing Assets/TextMesh Pro/Resources/Fonts & Materials/LiberationSans SDF - Fallback.asset using Guid(2e498d1c8094910479dc3e1b768306a4) Importer(815301076,1909f56bfc062723c751e8b465ee728b)  -> (artifact id: 'b8c2210586957436df79bf961aeff06e') in 0.008351 seconds 
  Import took 0.009848 seconds .

========================================================================
Received Import Request.
  Time since last request: 0.272142 seconds.
  path: Assets/Meshtint Free Tile Map Mega Toon Series/Scenes/Demo/Lightmap-0_comp_dir.png
  artifactKey: Guid(1a313248fabd4004a87a9baeaebcad86) Importer(815301076,1909f56bfc062723c751e8b465ee728b)
Start importing Assets/Meshtint Free Tile Map Mega Toon Series/Scenes/Demo/Lightmap-0_comp_dir.png using Guid(1a313248fabd4004a87a9baeaebcad86) Importer(815301076,1909f56bfc062723c751e8b465ee728b)  -> (artifact id: '59a8bbedd90701eb8e690f2ee5ead337') in 0.006724 seconds 
  Import took 0.008766 seconds .

========================================================================
Received Import Request.
  Time since last request: 0.000098 seconds.
  path: Assets/Meshtint Free Tile Map Mega Toon Series/Scenes/Demo/Lightmap-0_comp_shadowmask.png
  artifactKey: Guid(52ff21be738f44242888bb4991ed0104) Importer(815301076,1909f56bfc062723c751e8b465ee728b)
Start importing Assets/Meshtint Free Tile Map Mega Toon Series/Scenes/Demo/Lightmap-0_comp_shadowmask.png using Guid(52ff21be738f44242888bb4991ed0104) Importer(815301076,1909f56bfc062723c751e8b465ee728b)  -> (artifact id: 'c8fca208fdf5bcd9cba3ed3e2227f421') in 0.006805 seconds 
  Import took 0.008301 seconds .

========================================================================
Received Import Request.
  Time since last request: 0.000099 seconds.
  path: Assets/TextMesh Pro/Examples & Extras/Textures/Mask Zig-n-Zag.psd
  artifactKey: Guid(bb8dfcd263ad4eb383a33d74a720be6f) Importer(815301076,1909f56bfc062723c751e8b465ee728b)
Start importing Assets/TextMesh Pro/Examples & Extras/Textures/Mask Zig-n-Zag.psd using Guid(bb8dfcd263ad4eb383a33d74a720be6f) Importer(815301076,1909f56bfc062723c751e8b465ee728b)  -> (artifact id: 'dd3ba540b7f225a41987c4ebbe198b5a') in 0.005380 seconds 
  Import took 0.007030 seconds .

========================================================================
Received Import Request.
  Time since last request: 0.000106 seconds.
  path: Assets/Meshtint Free Tile Map Mega Toon Series/Scenes/Demo/Lightmap-1_comp_light.exr
  artifactKey: Guid(43f066ebf6e535f4eb2b23d91337de48) Importer(815301076,1909f56bfc062723c751e8b465ee728b)
Start importing Assets/Meshtint Free Tile Map Mega Toon Series/Scenes/Demo/Lightmap-1_comp_light.exr using Guid(43f066ebf6e535f4eb2b23d91337de48) Importer(815301076,1909f56bfc062723c751e8b465ee728b)  -> (artifact id: '9cadd99e49131567644955488942c47a') in 0.012095 seconds 
  Import took 0.013855 seconds .

========================================================================
Received Import Request.
  Time since last request: 0.000108 seconds.
  path: Assets/Meshtint Free Tile Map Mega Toon Series/Scenes/Demo/Lightmap-0_comp_light.exr
  artifactKey: Guid(8f47ca8c4ab4c164ea9e9fc31ef4aabc) Importer(815301076,1909f56bfc062723c751e8b465ee728b)
Start importing Assets/Meshtint Free Tile Map Mega Toon Series/Scenes/Demo/Lightmap-0_comp_light.exr using Guid(8f47ca8c4ab4c164ea9e9fc31ef4aabc) Importer(815301076,1909f56bfc062723c751e8b465ee728b)  -> (artifact id: '7ba1173534dd7a4b8022126dad826a69') in 0.005968 seconds 
  Import took 0.007495 seconds .

========================================================================
Received Import Request.
  Time since last request: 0.000093 seconds.
  path: Assets/Meshtint Free Tile Map Mega Toon Series/Scenes/Demo/Lightmap-1_comp_dir.png
  artifactKey: Guid(7469895bbaa460f429bae58358f5ae32) Importer(815301076,1909f56bfc062723c751e8b465ee728b)
Start importing Assets/Meshtint Free Tile Map Mega Toon Series/Scenes/Demo/Lightmap-1_comp_dir.png using Guid(7469895bbaa460f429bae58358f5ae32) Importer(815301076,1909f56bfc062723c751e8b465ee728b)  -> (artifact id: 'c9650f82163e5f4f6bfdd4380445d0bc') in 0.005141 seconds 
  Import took 0.006519 seconds .

========================================================================
Received Import Request.
  Time since last request: 0.000097 seconds.
  path: Assets/Meshtint Free Tile Map Mega Toon Series/Scenes/Demo/Lightmap-1_comp_shadowmask.png
  artifactKey: Guid(dafa616079bc52448bef2621f0bfa044) Importer(815301076,1909f56bfc062723c751e8b465ee728b)
Start importing Assets/Meshtint Free Tile Map Mega Toon Series/Scenes/Demo/Lightmap-1_comp_shadowmask.png using Guid(dafa616079bc52448bef2621f0bfa044) Importer(815301076,1909f56bfc062723c751e8b465ee728b)  -> (artifact id: 'ccd86187c0c5746f2b08ea17ef9f707b') in 0.005295 seconds 
  Import took 0.007174 seconds .

========================================================================
Received Import Request.
  Time since last request: 0.000182 seconds.
  path: Assets/Meshtint Free Tile Map Mega Toon Series/Textures/Mega Toon Tilemap 01.psd
  artifactKey: Guid(40f8c1e100f7fdb449a1de5dafdb3d21) Importer(815301076,1909f56bfc062723c751e8b465ee728b)
Start importing Assets/Meshtint Free Tile Map Mega Toon Series/Textures/Mega Toon Tilemap 01.psd using Guid(40f8c1e100f7fdb449a1de5dafdb3d21) Importer(815301076,1909f56bfc062723c751e8b465ee728b)  -> (artifact id: '12543d34ce2d573b9561d67f23df2857') in 0.009974 seconds 
  Import took 0.012187 seconds .

========================================================================
Received Import Request.
  Time since last request: 0.000112 seconds.
  path: Assets/Meshtint Free Tile Map Mega Toon Series/Scenes/Demo/Lightmap-1_comp_dir.png
  artifactKey: Guid(7469895bbaa460f429bae58358f5ae32) Importer(815301076,1909f56bfc062723c751e8b465ee728b)
Start importing Assets/Meshtint Free Tile Map Mega Toon Series/Scenes/Demo/Lightmap-1_comp_dir.png using Guid(7469895bbaa460f429bae58358f5ae32) Importer(815301076,1909f56bfc062723c751e8b465ee728b)  -> (artifact id: 'c9650f82163e5f4f6bfdd4380445d0bc') in 0.004337 seconds 
  Import took 0.005703 seconds .

========================================================================
Received Import Request.
  Time since last request: 0.000081 seconds.
  path: Assets/Meshtint Free Tile Map Mega Toon Series/Scenes/Demo/Lightmap-0_comp_dir.png
  artifactKey: Guid(1a313248fabd4004a87a9baeaebcad86) Importer(815301076,1909f56bfc062723c751e8b465ee728b)
Start importing Assets/Meshtint Free Tile Map Mega Toon Series/Scenes/Demo/Lightmap-0_comp_dir.png using Guid(1a313248fabd4004a87a9baeaebcad86) Importer(815301076,1909f56bfc062723c751e8b465ee728b)  -> (artifact id: '59a8bbedd90701eb8e690f2ee5ead337') in 0.004418 seconds 
  Import took 0.005660 seconds .

========================================================================
Received Import Request.
  Time since last request: 0.000082 seconds.
  path: Assets/TextMesh Pro/Examples & Extras/Resources/Fonts & Materials/Oswald Bold SDF.asset
  artifactKey: Guid(0161d805a3764c089bef00bfe00793f5) Importer(815301076,1909f56bfc062723c751e8b465ee728b)
Start importing Assets/TextMesh Pro/Examples & Extras/Resources/Fonts & Materials/Oswald Bold SDF.asset using Guid(0161d805a3764c089bef00bfe00793f5) Importer(815301076,1909f56bfc062723c751e8b465ee728b)  -> (artifact id: 'd214e28bdeb8e7d744101e38a9ef9c0f') in 0.008002 seconds 
  Import took 0.009446 seconds .

========================================================================
Received Import Request.
  Time since last request: 0.000100 seconds.
  path: Assets/Meshtint Free Tile Map Mega Toon Series/Textures/Mega Toon Tilemap 01.psd
  artifactKey: Guid(40f8c1e100f7fdb449a1de5dafdb3d21) Importer(815301076,1909f56bfc062723c751e8b465ee728b)
Start importing Assets/Meshtint Free Tile Map Mega Toon Series/Textures/Mega Toon Tilemap 01.psd using Guid(40f8c1e100f7fdb449a1de5dafdb3d21) Importer(815301076,1909f56bfc062723c751e8b465ee728b)  -> (artifact id: '12543d34ce2d573b9561d67f23df2857') in 0.003867 seconds 
  Import took 0.005333 seconds .

========================================================================
Received Import Request.
  Time since last request: 0.020052 seconds.
  path: Assets/TextMesh Pro/Examples & Extras/Resources/Fonts & Materials/Oswald Bold SDF.asset
  artifactKey: Guid(0161d805a3764c089bef00bfe00793f5) Importer(815301076,1909f56bfc062723c751e8b465ee728b)
Start importing Assets/TextMesh Pro/Examples & Extras/Resources/Fonts & Materials/Oswald Bold SDF.asset using Guid(0161d805a3764c089bef00bfe00793f5) Importer(815301076,1909f56bfc062723c751e8b465ee728b)  -> (artifact id: 'd214e28bdeb8e7d744101e38a9ef9c0f') in 0.006973 seconds 
  Import took 0.008816 seconds .

========================================================================
Received Import Request.
  Time since last request: 0.190495 seconds.
  path: Assets/Meshtint Free Tile Map Mega Toon Series/Scenes/Demo/ReflectionProbe-0.exr
  artifactKey: Guid(8ec406c383ea3a149b044ca32b541772) Importer(815301076,1909f56bfc062723c751e8b465ee728b)
Start importing Assets/Meshtint Free Tile Map Mega Toon Series/Scenes/Demo/ReflectionProbe-0.exr using Guid(8ec406c383ea3a149b044ca32b541772) Importer(815301076,1909f56bfc062723c751e8b465ee728b)  -> (artifact id: 'f1d742808b3a1035960b79912f7d54ac') in 0.021491 seconds 
  Import took 0.023797 seconds .

========================================================================
Received Import Request.
  Time since last request: 0.000125 seconds.
  path: Assets/TextMesh Pro/Examples & Extras/Textures/Small Crate_normal.jpg
  artifactKey: Guid(8878a782f4334ecbbcf683b3ac780966) Importer(815301076,1909f56bfc062723c751e8b465ee728b)
Start importing Assets/TextMesh Pro/Examples & Extras/Textures/Small Crate_normal.jpg using Guid(8878a782f4334ecbbcf683b3ac780966) Importer(815301076,1909f56bfc062723c751e8b465ee728b)  -> (artifact id: '4b609c283513169fbc0b5f763d29850a') in 0.010928 seconds 
  Import took 0.012887 seconds .

========================================================================
Received Import Request.
  Time since last request: 0.000113 seconds.
  path: Assets/TextMesh Pro/Examples & Extras/Textures/Small Crate_diffuse.jpg
  artifactKey: Guid(602cb87b6a29443b8636370ea0751574) Importer(815301076,1909f56bfc062723c751e8b465ee728b)
Start importing Assets/TextMesh Pro/Examples & Extras/Textures/Small Crate_diffuse.jpg using Guid(602cb87b6a29443b8636370ea0751574) Importer(815301076,1909f56bfc062723c751e8b465ee728b)  -> (artifact id: 'f80be13996b320adad6eb2a84d02c950') in 0.005985 seconds 
  Import took 0.007800 seconds .

========================================================================
Received Import Request.
  Time since last request: 0.000144 seconds.
  path: Assets/TextMesh Pro/Examples & Extras/Textures/Text Overflow - Linked Text Image 1.png
  artifactKey: Guid(4ccf43d26c4748c792174516f4a8fcef) Importer(815301076,1909f56bfc062723c751e8b465ee728b)
Start importing Assets/TextMesh Pro/Examples & Extras/Textures/Text Overflow - Linked Text Image 1.png using Guid(4ccf43d26c4748c792174516f4a8fcef) Importer(815301076,1909f56bfc062723c751e8b465ee728b)  -> (artifact id: '589130bfe29552cba2ffca95a9314240') in 0.005714 seconds 
  Import took 0.007255 seconds .

========================================================================
Received Import Request.
  Time since last request: 0.000094 seconds.
  path: Assets/TextMesh Pro/Examples & Extras/Textures/Sunny Days - Seamless.jpg
  artifactKey: Guid(17c350171f7a3ca479f830547c66d187) Importer(815301076,1909f56bfc062723c751e8b465ee728b)
Start importing Assets/TextMesh Pro/Examples & Extras/Textures/Sunny Days - Seamless.jpg using Guid(17c350171f7a3ca479f830547c66d187) Importer(815301076,1909f56bfc062723c751e8b465ee728b)  -> (artifact id: 'afb92d2137c33c3d67aafdf56daa70ed') in 0.004966 seconds 
  Import took 0.006400 seconds .

========================================================================
Received Import Request.
  Time since last request: 0.000087 seconds.
  path: Assets/TextMesh Pro/Examples & Extras/Resources/Fonts & Materials/Roboto-Bold SDF.asset
  artifactKey: Guid(5302535af1044152a457ed104f1f4b91) Importer(815301076,1909f56bfc062723c751e8b465ee728b)
Start importing Assets/TextMesh Pro/Examples & Extras/Resources/Fonts & Materials/Roboto-Bold SDF.asset using Guid(5302535af1044152a457ed104f1f4b91) Importer(815301076,1909f56bfc062723c751e8b465ee728b)  -> (artifact id: 'bfb93c09ad45f6e656fb1966a95741fa') in 0.012862 seconds 
  Import took 0.014484 seconds .

========================================================================
Received Import Request.
  Time since last request: 0.000101 seconds.
  path: Assets/TextMesh Pro/Examples & Extras/Textures/Text Overflow - Linked Text UI Screenshot.png
  artifactKey: Guid(c76d18757a194d618355f05f815cb0a1) Importer(815301076,1909f56bfc062723c751e8b465ee728b)
Start importing Assets/TextMesh Pro/Examples & Extras/Textures/Text Overflow - Linked Text UI Screenshot.png using Guid(c76d18757a194d618355f05f815cb0a1) Importer(815301076,1909f56bfc062723c751e8b465ee728b)  -> (artifact id: 'f5d785017ec57c0f92741d9574ede7a0') in 0.009231 seconds 
  Import took 0.011379 seconds .

========================================================================
Received Import Request.
  Time since last request: 0.000137 seconds.
  path: Assets/TextMesh Pro/Examples & Extras/Textures/Wipe Pattern - Radial Quad.psd
  artifactKey: Guid(2b5e9ae96c5644d8bae932f8b4ca68a2) Importer(815301076,1909f56bfc062723c751e8b465ee728b)
Start importing Assets/TextMesh Pro/Examples & Extras/Textures/Wipe Pattern - Radial Quad.psd using Guid(2b5e9ae96c5644d8bae932f8b4ca68a2) Importer(815301076,1909f56bfc062723c751e8b465ee728b)  -> (artifact id: 'b9848f9c9bb63b24194b059074798de3') in 0.006531 seconds 
  Import took 0.008236 seconds .

========================================================================
Received Import Request.
  Time since last request: 0.000093 seconds.
  path: Assets/TextMesh Pro/Examples & Extras/Textures/Wipe Pattern - Circle.psd
  artifactKey: Guid(10c49fcd9c64421db7c0133e61e55f97) Importer(815301076,1909f56bfc062723c751e8b465ee728b)
Start importing Assets/TextMesh Pro/Examples & Extras/Textures/Wipe Pattern - Circle.psd using Guid(10c49fcd9c64421db7c0133e61e55f97) Importer(815301076,1909f56bfc062723c751e8b465ee728b)  -> (artifact id: '433e0c9d28d88043c9124ea57aa57812') in 0.004593 seconds 
  Import took 0.005954 seconds .

========================================================================
Received Import Request.
  Time since last request: 0.000101 seconds.
  path: Assets/TextMesh Pro/Examples & Extras/Textures/Wipe Pattern - Diagonal.psd
  artifactKey: Guid(ed5290d8df18488780e2996b9b882f01) Importer(815301076,1909f56bfc062723c751e8b465ee728b)
Start importing Assets/TextMesh Pro/Examples & Extras/Textures/Wipe Pattern - Diagonal.psd using Guid(ed5290d8df18488780e2996b9b882f01) Importer(815301076,1909f56bfc062723c751e8b465ee728b)  -> (artifact id: '856a6a32c85ce441b2c1b9b4a7368781') in 0.004438 seconds 
  Import took 0.005857 seconds .

========================================================================
Received Import Request.
  Time since last request: 0.000094 seconds.
  path: Assets/TextMesh Pro/Examples & Extras/Textures/Wipe Pattern - Circle.psd
  artifactKey: Guid(10c49fcd9c64421db7c0133e61e55f97) Importer(815301076,1909f56bfc062723c751e8b465ee728b)
Start importing Assets/TextMesh Pro/Examples & Extras/Textures/Wipe Pattern - Circle.psd using Guid(10c49fcd9c64421db7c0133e61e55f97) Importer(815301076,1909f56bfc062723c751e8b465ee728b)  -> (artifact id: '433e0c9d28d88043c9124ea57aa57812') in 0.004258 seconds 
  Import took 0.005825 seconds .

========================================================================
Received Import Request.
  Time since last request: 0.000103 seconds.
  path: Assets/TextMesh Pro/Examples & Extras/Textures/Wipe Pattern - Radial Double.psd
  artifactKey: Guid(7631f4eff8f74ed38eb3eb9db17134e1) Importer(815301076,1909f56bfc062723c751e8b465ee728b)
Start importing Assets/TextMesh Pro/Examples & Extras/Textures/Wipe Pattern - Radial Double.psd using Guid(7631f4eff8f74ed38eb3eb9db17134e1) Importer(815301076,1909f56bfc062723c751e8b465ee728b)  -> (artifact id: '06f3f22f9b0c2e09daf4bff7dd464515') in 0.005944 seconds 
  Import took 0.007474 seconds .

========================================================================
Received Import Request.
  Time since last request: 124.342124 seconds.
  path: Assets/TextMesh Pro/Examples & Extras/Scenes/23 - Animating Vertex Attributes.unity
  artifactKey: Guid(54e994244b4b467e8583cf2da6dcc716) Importer(815301076,1909f56bfc062723c751e8b465ee728b)
Start importing Assets/TextMesh Pro/Examples & Extras/Scenes/23 - Animating Vertex Attributes.unity using Guid(54e994244b4b467e8583cf2da6dcc716) Importer(815301076,1909f56bfc062723c751e8b465ee728b)  -> (artifact id: 'bcc4919f5d97ae06707a5dc6a7be1d44') in 0.002309 seconds 
  Import took 0.004537 seconds .

========================================================================
Received Import Request.
  Time since last request: 0.000341 seconds.
  path: Assets/TextMesh Pro/Examples & Extras/Scenes/23 - Animating Vertex Attributes.unity
  artifactKey: Guid(54e994244b4b467e8583cf2da6dcc716) Importer(815301076,1909f56bfc062723c751e8b465ee728b)
Start importing Assets/TextMesh Pro/Examples & Extras/Scenes/23 - Animating Vertex Attributes.unity using Guid(54e994244b4b467e8583cf2da6dcc716) Importer(815301076,1909f56bfc062723c751e8b465ee728b)  -> (artifact id: 'bcc4919f5d97ae06707a5dc6a7be1d44') in 0.001643 seconds 
  Import took 0.002933 seconds .

AssetImportWorkerClient::OnTransportError - code=2 error=End of file
